<?xml version="1.0" encoding="UTF-8"?>
<coverage generated="1764584817">
  <project timestamp="1764584817" name="Clover Coverage">
    <package name="App\Domain\Models">
      <file name="/var/www/project/backend/src/Domain/Models/Task.php">
        <class name="App\Domain\Models\Task" namespace="App\Domain\Models">
          <metrics complexity="9" methods="9" coveredmethods="9" conditionals="0" coveredconditionals="0" statements="9" coveredstatements="9" elements="18" coveredelements="18"/>
        </class>
        <line num="28" type="method" name="__construct" visibility="public" complexity="1" crap="1" count="28"/>
        <line num="33" type="stmt" count="28"/>
        <line num="36" type="method" name="getId" visibility="public" complexity="1" crap="1" count="19"/>
        <line num="38" type="stmt" count="19"/>
        <line num="41" type="method" name="getTitle" visibility="public" complexity="1" crap="1" count="19"/>
        <line num="43" type="stmt" count="19"/>
        <line num="49" type="method" name="getStatus" visibility="public" complexity="1" crap="1" count="20"/>
        <line num="51" type="stmt" count="20"/>
        <line num="59" type="method" name="getStatusValue" visibility="public" complexity="1" crap="1" count="1"/>
        <line num="61" type="stmt" count="1"/>
        <line num="64" type="method" name="updateTitle" visibility="public" complexity="1" crap="1" count="5"/>
        <line num="66" type="stmt" count="5"/>
        <line num="69" type="method" name="toggleStatus" visibility="public" complexity="1" crap="1" count="5"/>
        <line num="71" type="stmt" count="5"/>
        <line num="74" type="method" name="isCompleted" visibility="public" complexity="1" crap="1" count="3"/>
        <line num="76" type="stmt" count="3"/>
        <line num="79" type="method" name="isActive" visibility="public" complexity="1" crap="1" count="3"/>
        <line num="81" type="stmt" count="3"/>
        <metrics loc="84" ncloc="63" classes="1" methods="9" coveredmethods="9" conditionals="0" coveredconditionals="0" statements="9" coveredstatements="9" elements="18" coveredelements="18"/>
      </file>
      <file name="/var/www/project/backend/src/Domain/Models/TaskStatus.php">
        <class name="App\Domain\Models\TaskStatus" namespace="App\Domain\Models">
          <metrics complexity="12" methods="9" coveredmethods="9" conditionals="0" coveredconditionals="0" statements="10" coveredstatements="10" elements="19" coveredelements="19"/>
        </class>
        <line num="17" type="method" name="__construct" visibility="private" complexity="3" crap="3" count="34"/>
        <line num="20" type="stmt" count="34"/>
        <line num="21" type="stmt" count="1"/>
        <line num="28" type="method" name="active" visibility="public" complexity="1" crap="1" count="27"/>
        <line num="30" type="stmt" count="27"/>
        <line num="36" type="method" name="completed" visibility="public" complexity="1" crap="1" count="16"/>
        <line num="38" type="stmt" count="16"/>
        <line num="48" type="method" name="fromString" visibility="public" complexity="1" crap="1" count="16"/>
        <line num="50" type="stmt" count="16"/>
        <line num="56" type="method" name="getValue" visibility="public" complexity="1" crap="1" count="18"/>
        <line num="58" type="stmt" count="18"/>
        <line num="64" type="method" name="isActive" visibility="public" complexity="1" crap="1" count="14"/>
        <line num="66" type="stmt" count="14"/>
        <line num="72" type="method" name="isCompleted" visibility="public" complexity="1" crap="1" count="11"/>
        <line num="74" type="stmt" count="11"/>
        <line num="80" type="method" name="toggle" visibility="public" complexity="2" crap="2" count="6"/>
        <line num="82" type="stmt" count="6"/>
        <line num="88" type="method" name="equals" visibility="public" complexity="1" crap="1" count="1"/>
        <line num="90" type="stmt" count="1"/>
        <metrics loc="93" ncloc="60" classes="1" methods="9" coveredmethods="9" conditionals="0" coveredconditionals="0" statements="10" coveredstatements="10" elements="19" coveredelements="19"/>
      </file>
    </package>
    <file name="/var/www/project/backend/src/Domain/Repositories/TodoRepositoryInterface.php">
      <metrics loc="52" ncloc="21" classes="0" methods="0" coveredmethods="0" conditionals="0" coveredconditionals="0" statements="0" coveredstatements="0" elements="0" coveredelements="0"/>
    </file>
    <package name="App\Domain\UseCases">
      <file name="/var/www/project/backend/src/Domain/UseCases/CreateTodoUseCase.php">
        <class name="App\Domain\UseCases\CreateTodoUseCase" namespace="App\Domain\UseCases">
          <metrics complexity="2" methods="2" coveredmethods="2" conditionals="0" coveredconditionals="0" statements="3" coveredstatements="3" elements="5" coveredelements="5"/>
        </class>
        <line num="16" type="method" name="__construct" visibility="public" complexity="1" crap="1" count="13"/>
        <line num="19" type="stmt" count="13"/>
        <line num="27" type="method" name="execute" visibility="public" complexity="1" crap="1" count="3"/>
        <line num="29" type="stmt" count="3"/>
        <line num="31" type="stmt" count="3"/>
        <metrics loc="34" ncloc="25" classes="1" methods="2" coveredmethods="2" conditionals="0" coveredconditionals="0" statements="3" coveredstatements="3" elements="5" coveredelements="5"/>
      </file>
      <file name="/var/www/project/backend/src/Domain/UseCases/DeleteCompletedTodosUseCase.php">
        <class name="App\Domain\UseCases\DeleteCompletedTodosUseCase" namespace="App\Domain\UseCases">
          <metrics complexity="2" methods="2" coveredmethods="2" conditionals="0" coveredconditionals="0" statements="2" coveredstatements="2" elements="4" coveredelements="4"/>
        </class>
        <line num="14" type="method" name="__construct" visibility="public" complexity="1" crap="1" count="13"/>
        <line num="17" type="stmt" count="13"/>
        <line num="24" type="method" name="execute" visibility="public" complexity="1" crap="1" count="4"/>
        <line num="26" type="stmt" count="4"/>
        <metrics loc="29" ncloc="21" classes="1" methods="2" coveredmethods="2" conditionals="0" coveredconditionals="0" statements="2" coveredstatements="2" elements="4" coveredelements="4"/>
      </file>
      <file name="/var/www/project/backend/src/Domain/UseCases/DeleteTodoUseCase.php">
        <class name="App\Domain\UseCases\DeleteTodoUseCase" namespace="App\Domain\UseCases">
          <metrics complexity="3" methods="2" coveredmethods="2" conditionals="0" coveredconditionals="0" statements="5" coveredstatements="5" elements="7" coveredelements="7"/>
        </class>
        <line num="14" type="method" name="__construct" visibility="public" complexity="1" crap="1" count="13"/>
        <line num="17" type="stmt" count="13"/>
        <line num="26" type="method" name="execute" visibility="public" complexity="2" crap="2" count="4"/>
        <line num="28" type="stmt" count="4"/>
        <line num="30" type="stmt" count="4"/>
        <line num="31" type="stmt" count="2"/>
        <line num="34" type="stmt" count="2"/>
        <metrics loc="37" ncloc="27" classes="1" methods="2" coveredmethods="2" conditionals="0" coveredconditionals="0" statements="5" coveredstatements="5" elements="7" coveredelements="7"/>
      </file>
      <file name="/var/www/project/backend/src/Domain/UseCases/GetTodosUseCase.php">
        <class name="App\Domain\UseCases\GetTodosUseCase" namespace="App\Domain\UseCases">
          <metrics complexity="2" methods="2" coveredmethods="2" conditionals="0" coveredconditionals="0" statements="2" coveredstatements="2" elements="4" coveredelements="4"/>
        </class>
        <line num="15" type="method" name="__construct" visibility="public" complexity="1" crap="1" count="11"/>
        <line num="18" type="stmt" count="11"/>
        <line num="25" type="method" name="execute" visibility="public" complexity="1" crap="1" count="2"/>
        <line num="27" type="stmt" count="2"/>
        <metrics loc="30" ncloc="22" classes="1" methods="2" coveredmethods="2" conditionals="0" coveredconditionals="0" statements="2" coveredstatements="2" elements="4" coveredelements="4"/>
      </file>
      <file name="/var/www/project/backend/src/Domain/UseCases/ToggleTodoStatusUseCase.php">
        <class name="App\Domain\UseCases\ToggleTodoStatusUseCase" namespace="App\Domain\UseCases">
          <metrics complexity="3" methods="2" coveredmethods="2" conditionals="0" coveredconditionals="0" statements="6" coveredstatements="6" elements="8" coveredelements="8"/>
        </class>
        <line num="15" type="method" name="__construct" visibility="public" complexity="1" crap="1" count="14"/>
        <line num="18" type="stmt" count="14"/>
        <line num="27" type="method" name="execute" visibility="public" complexity="2" crap="2" count="5"/>
        <line num="29" type="stmt" count="5"/>
        <line num="31" type="stmt" count="5"/>
        <line num="32" type="stmt" count="2"/>
        <line num="35" type="stmt" count="3"/>
        <line num="37" type="stmt" count="3"/>
        <metrics loc="40" ncloc="30" classes="1" methods="2" coveredmethods="2" conditionals="0" coveredconditionals="0" statements="6" coveredstatements="6" elements="8" coveredelements="8"/>
      </file>
      <file name="/var/www/project/backend/src/Domain/UseCases/UpdateTodoUseCase.php">
        <class name="App\Domain\UseCases\UpdateTodoUseCase" namespace="App\Domain\UseCases">
          <metrics complexity="3" methods="2" coveredmethods="2" conditionals="0" coveredconditionals="0" statements="6" coveredstatements="6" elements="8" coveredelements="8"/>
        </class>
        <line num="15" type="method" name="__construct" visibility="public" complexity="1" crap="1" count="14"/>
        <line num="18" type="stmt" count="14"/>
        <line num="28" type="method" name="execute" visibility="public" complexity="2" crap="2" count="5"/>
        <line num="30" type="stmt" count="5"/>
        <line num="32" type="stmt" count="5"/>
        <line num="33" type="stmt" count="2"/>
        <line num="36" type="stmt" count="3"/>
        <line num="38" type="stmt" count="3"/>
        <metrics loc="41" ncloc="30" classes="1" methods="2" coveredmethods="2" conditionals="0" coveredconditionals="0" statements="6" coveredstatements="6" elements="8" coveredelements="8"/>
      </file>
    </package>
    <package name="App\Infrastructure\Http\Controllers">
      <file name="/var/www/project/backend/src/Infrastructure/Http/Controllers/TodoController.php">
        <class name="App\Infrastructure\Http\Controllers\TodoController" namespace="App\Infrastructure\Http\Controllers">
          <metrics complexity="15" methods="8" coveredmethods="6" conditionals="0" coveredconditionals="0" statements="42" coveredstatements="40" elements="50" coveredelements="46"/>
        </class>
        <line num="21" type="method" name="__construct" visibility="public" complexity="1" crap="1" count="11"/>
        <line num="29" type="stmt" count="11"/>
        <line num="34" type="method" name="index" visibility="public" complexity="1" crap="1" count="2"/>
        <line num="36" type="stmt" count="2"/>
        <line num="38" type="stmt" count="2"/>
        <line num="39" type="stmt" count="2"/>
        <line num="40" type="stmt" count="2"/>
        <line num="41" type="stmt" count="2"/>
        <line num="42" type="stmt" count="2"/>
        <line num="43" type="stmt" count="2"/>
        <line num="49" type="method" name="store" visibility="public" complexity="3" crap="3.07" count="1"/>
        <line num="51" type="stmt" count="1"/>
        <line num="52" type="stmt" count="1"/>
        <line num="53" type="stmt" count="0"/>
        <line num="56" type="stmt" count="1"/>
        <line num="58" type="stmt" count="1"/>
        <line num="64" type="method" name="update" visibility="public" complexity="4" crap="4.03" count="2"/>
        <line num="67" type="stmt" count="2"/>
        <line num="68" type="stmt" count="2"/>
        <line num="69" type="stmt" count="0"/>
        <line num="72" type="stmt" count="2"/>
        <line num="73" type="stmt" count="2"/>
        <line num="75" type="stmt" count="1"/>
        <line num="76" type="stmt" count="1"/>
        <line num="77" type="stmt" count="1"/>
        <line num="84" type="method" name="updateStatus" visibility="public" complexity="2" crap="2" count="2"/>
        <line num="87" type="stmt" count="2"/>
        <line num="88" type="stmt" count="2"/>
        <line num="90" type="stmt" count="1"/>
        <line num="91" type="stmt" count="1"/>
        <line num="92" type="stmt" count="1"/>
        <line num="99" type="method" name="destroy" visibility="public" complexity="2" crap="2" count="2"/>
        <line num="102" type="stmt" count="2"/>
        <line num="103" type="stmt" count="2"/>
        <line num="105" type="stmt" count="1"/>
        <line num="106" type="stmt" count="1"/>
        <line num="107" type="stmt" count="1"/>
        <line num="114" type="method" name="destroyCompleted" visibility="public" complexity="1" crap="1" count="2"/>
        <line num="116" type="stmt" count="2"/>
        <line num="118" type="stmt" count="2"/>
        <line num="127" type="method" name="taskToArray" visibility="private" complexity="1" crap="1" count="4"/>
        <line num="129" type="stmt" count="4"/>
        <line num="130" type="stmt" count="4"/>
        <line num="132" type="stmt" count="4"/>
        <line num="133" type="stmt" count="4"/>
        <line num="134" type="stmt" count="4"/>
        <line num="135" type="stmt" count="4"/>
        <line num="136" type="stmt" count="4"/>
        <line num="137" type="stmt" count="4"/>
        <line num="138" type="stmt" count="4"/>
        <metrics loc="141" ncloc="113" classes="1" methods="8" coveredmethods="6" conditionals="0" coveredconditionals="0" statements="42" coveredstatements="40" elements="50" coveredelements="46"/>
      </file>
    </package>
    <package name="App\Infrastructure\Models">
      <file name="/var/www/project/backend/src/Infrastructure/Models/Todo.php">
        <class name="App\Infrastructure\Models\Todo" namespace="App\Infrastructure\Models">
          <metrics complexity="0" methods="0" coveredmethods="0" conditionals="0" coveredconditionals="0" statements="0" coveredstatements="0" elements="0" coveredelements="0"/>
        </class>
        <metrics loc="27" ncloc="24" classes="0" methods="0" coveredmethods="0" conditionals="0" coveredconditionals="0" statements="0" coveredstatements="0" elements="0" coveredelements="0"/>
      </file>
    </package>
    <package name="App\Infrastructure\Providers">
      <file name="/var/www/project/backend/src/Infrastructure/Providers/AppServiceProvider.php">
        <class name="App\Infrastructure\Providers\AppServiceProvider" namespace="App\Infrastructure\Providers">
          <metrics complexity="2" methods="2" coveredmethods="2" conditionals="0" coveredconditionals="0" statements="20" coveredstatements="20" elements="22" coveredelements="22"/>
        </class>
        <line num="22" type="method" name="register" visibility="public" complexity="1" crap="1" count="21"/>
        <line num="25" type="stmt" count="21"/>
        <line num="28" type="stmt" count="21"/>
        <line num="29" type="stmt" count="11"/>
        <line num="30" type="stmt" count="21"/>
        <line num="32" type="stmt" count="21"/>
        <line num="33" type="stmt" count="11"/>
        <line num="34" type="stmt" count="21"/>
        <line num="36" type="stmt" count="21"/>
        <line num="37" type="stmt" count="11"/>
        <line num="38" type="stmt" count="21"/>
        <line num="40" type="stmt" count="21"/>
        <line num="41" type="stmt" count="11"/>
        <line num="42" type="stmt" count="21"/>
        <line num="44" type="stmt" count="21"/>
        <line num="45" type="stmt" count="11"/>
        <line num="46" type="stmt" count="21"/>
        <line num="48" type="stmt" count="21"/>
        <line num="49" type="stmt" count="11"/>
        <line num="50" type="stmt" count="21"/>
        <line num="56" type="method" name="boot" visibility="public" complexity="1" crap="1" count="21"/>
        <line num="59" type="stmt" count="21"/>
        <metrics loc="61" ncloc="52" classes="1" methods="2" coveredmethods="2" conditionals="0" coveredconditionals="0" statements="20" coveredstatements="20" elements="22" coveredelements="22"/>
      </file>
    </package>
    <package name="App\Infrastructure\Repositories">
      <file name="/var/www/project/backend/src/Infrastructure/Repositories/TodoRepository.php">
        <class name="App\Infrastructure\Repositories\TodoRepository" namespace="App\Infrastructure\Repositories">
          <metrics complexity="9" methods="6" coveredmethods="5" conditionals="0" coveredconditionals="0" statements="34" coveredstatements="33" elements="40" coveredelements="38"/>
        </class>
        <line num="22" type="method" name="findAll" visibility="public" complexity="1" crap="1" count="6"/>
        <line num="24" type="stmt" count="6"/>
        <line num="26" type="stmt" count="6"/>
        <line num="27" type="stmt" count="6"/>
        <line num="28" type="stmt" count="6"/>
        <line num="29" type="stmt" count="6"/>
        <line num="38" type="method" name="findById" visibility="public" complexity="2" crap="2" count="11"/>
        <line num="40" type="stmt" count="11"/>
        <line num="42" type="stmt" count="11"/>
        <line num="43" type="stmt" count="7"/>
        <line num="46" type="stmt" count="7"/>
        <line num="55" type="method" name="save" visibility="public" complexity="2" crap="2" count="14"/>
        <line num="57" type="stmt" count="14"/>
        <line num="59" type="stmt" count="14"/>
        <line num="61" type="stmt" count="14"/>
        <line num="62" type="stmt" count="14"/>
        <line num="64" type="stmt" count="14"/>
        <line num="65" type="stmt" count="14"/>
        <line num="66" type="stmt" count="14"/>
        <line num="68" type="stmt" count="14"/>
        <line num="72" type="stmt" count="3"/>
        <line num="73" type="stmt" count="3"/>
        <line num="75" type="stmt" count="3"/>
        <line num="76" type="stmt" count="3"/>
        <line num="77" type="stmt" count="3"/>
        <line num="79" type="stmt" count="3"/>
        <line num="88" type="method" name="delete" visibility="public" complexity="2" crap="2.06" count="2"/>
        <line num="90" type="stmt" count="2"/>
        <line num="92" type="stmt" count="2"/>
        <line num="93" type="stmt" count="0"/>
        <line num="96" type="stmt" count="2"/>
        <line num="104" type="method" name="deleteCompleted" visibility="public" complexity="1" crap="1" count="4"/>
        <line num="107" type="stmt" count="4"/>
        <line num="109" type="stmt" count="4"/>
        <line num="118" type="method" name="toDomainModel" visibility="private" complexity="1" crap="1" count="10"/>
        <line num="120" type="stmt" count="10"/>
        <line num="121" type="stmt" count="10"/>
        <line num="122" type="stmt" count="10"/>
        <line num="123" type="stmt" count="10"/>
        <line num="124" type="stmt" count="10"/>
        <metrics loc="127" ncloc="85" classes="1" methods="6" coveredmethods="5" conditionals="0" coveredconditionals="0" statements="34" coveredstatements="33" elements="40" coveredelements="38"/>
      </file>
    </package>
    <metrics files="13" loc="796" ncloc="573" classes="11" methods="46" coveredmethods="43" conditionals="0" coveredconditionals="0" statements="139" coveredstatements="136" elements="185" coveredelements="179"/>
  </project>
</coverage>
